########### array before sorts ###########
0	-15.240000	-25.400000	190.500000	-25.400000	n
1	190.500000	-25.400000	190.500000	101.600000	n
2	190.500000	101.600000	-15.240000	101.600000	n
3	-15.240000	101.600000	-15.240000	-25.400000	n
Tolerance=0.050000.
*Exact match for i=0 and j=1.
*i point -15.240000	-25.400000	190.500000	-25.400000	y
*Exact match for i=1 and j=2.
*i point 190.500000	-25.400000	190.500000	101.600000	y
*Exact match for i=2 and j=3.
*i point 190.500000	101.600000	-15.240000	101.600000	y
########### array after sorts ###########
0	-15.240000	-25.400000	190.500000	-25.400000	y
1	190.500000	-25.400000	190.500000	101.600000	y
2	190.500000	101.600000	-15.240000	101.600000	y
3	-15.240000	101.600000	-15.240000	-25.400000	y
***************
.BOARD_OUTLINE UNOWNED
1.6
0     -15.240000     -25.400000     0
0     190.500000     -25.400000     0
0     190.500000     101.600000     0
0     -15.240000     101.600000     0
0     -15.240000     -25.400000     0
